The system is: Darwin - 16.5.0 - x86_64
Compiling the C compiler identification source file "CMakeCCompilerId.c" succeeded.
Compiler: /Applications/Xcode.app/Contents/Developer/Toolchains/XcodeDefault.xctoolchain/usr/bin/cc 
Build flags: 
Id flags: 

The output was:
0


Compilation of the C compiler identification source "CMakeCCompilerId.c" produced "a.out"

The C compiler identification is AppleClang, found in "/Users/vasko/tests/dlib/tools/python/build/CMakeFiles/3.7.2/CompilerIdC/a.out"

Compiling the CXX compiler identification source file "CMakeCXXCompilerId.cpp" succeeded.
Compiler: /Applications/Xcode.app/Contents/Developer/Toolchains/XcodeDefault.xctoolchain/usr/bin/c++ 
Build flags: 
Id flags: 

The output was:
0


Compilation of the CXX compiler identification source "CMakeCXXCompilerId.cpp" produced "a.out"

The CXX compiler identification is AppleClang, found in "/Users/vasko/tests/dlib/tools/python/build/CMakeFiles/3.7.2/CompilerIdCXX/a.out"

Determining if the C compiler works passed with the following output:
Change Dir: /Users/vasko/tests/dlib/tools/python/build/CMakeFiles/CMakeTmp

Run Build Command:"/usr/bin/make" "cmTC_9a4bf/fast"
/Applications/Xcode.app/Contents/Developer/usr/bin/make -f CMakeFiles/cmTC_9a4bf.dir/build.make CMakeFiles/cmTC_9a4bf.dir/build
Building C object CMakeFiles/cmTC_9a4bf.dir/testCCompiler.c.o
/Applications/Xcode.app/Contents/Developer/Toolchains/XcodeDefault.xctoolchain/usr/bin/cc     -o CMakeFiles/cmTC_9a4bf.dir/testCCompiler.c.o   -c /Users/vasko/tests/dlib/tools/python/build/CMakeFiles/CMakeTmp/testCCompiler.c
Linking C executable cmTC_9a4bf
/usr/local/Cellar/cmake/3.7.2/bin/cmake -E cmake_link_script CMakeFiles/cmTC_9a4bf.dir/link.txt --verbose=1
/Applications/Xcode.app/Contents/Developer/Toolchains/XcodeDefault.xctoolchain/usr/bin/cc    -Wl,-search_paths_first -Wl,-headerpad_max_install_names   CMakeFiles/cmTC_9a4bf.dir/testCCompiler.c.o  -o cmTC_9a4bf  


Detecting C compiler ABI info compiled with the following output:
Change Dir: /Users/vasko/tests/dlib/tools/python/build/CMakeFiles/CMakeTmp

Run Build Command:"/usr/bin/make" "cmTC_ef15a/fast"
/Applications/Xcode.app/Contents/Developer/usr/bin/make -f CMakeFiles/cmTC_ef15a.dir/build.make CMakeFiles/cmTC_ef15a.dir/build
Building C object CMakeFiles/cmTC_ef15a.dir/CMakeCCompilerABI.c.o
/Applications/Xcode.app/Contents/Developer/Toolchains/XcodeDefault.xctoolchain/usr/bin/cc     -o CMakeFiles/cmTC_ef15a.dir/CMakeCCompilerABI.c.o   -c /usr/local/Cellar/cmake/3.7.2/share/cmake/Modules/CMakeCCompilerABI.c
Linking C executable cmTC_ef15a
/usr/local/Cellar/cmake/3.7.2/bin/cmake -E cmake_link_script CMakeFiles/cmTC_ef15a.dir/link.txt --verbose=1
/Applications/Xcode.app/Contents/Developer/Toolchains/XcodeDefault.xctoolchain/usr/bin/cc    -Wl,-search_paths_first -Wl,-headerpad_max_install_names  -v -Wl,-v CMakeFiles/cmTC_ef15a.dir/CMakeCCompilerABI.c.o  -o cmTC_ef15a   
Apple LLVM version 8.0.0 (clang-800.0.38)
Target: x86_64-apple-darwin16.5.0
Thread model: posix
InstalledDir: /Applications/Xcode.app/Contents/Developer/Toolchains/XcodeDefault.xctoolchain/usr/bin
 "/Applications/Xcode.app/Contents/Developer/Toolchains/XcodeDefault.xctoolchain/usr/bin/ld" -demangle -dynamic -arch x86_64 -macosx_version_min 10.12.0 -o cmTC_ef15a -search_paths_first -headerpad_max_install_names -v CMakeFiles/cmTC_ef15a.dir/CMakeCCompilerABI.c.o -lSystem /Applications/Xcode.app/Contents/Developer/Toolchains/XcodeDefault.xctoolchain/usr/bin/../lib/clang/8.0.0/lib/darwin/libclang_rt.osx.a
@(#)PROGRAM:ld  PROJECT:ld64-274.1
configured to support archs: armv6 armv7 armv7s arm64 i386 x86_64 x86_64h armv6m armv7k armv7m armv7em (tvOS)
Library search paths:
	/usr/lib
	/usr/local/lib
Framework search paths:
	/Library/Frameworks/
	/System/Library/Frameworks/


Parsed C implicit link information from above output:
  link line regex: [^( *|.*[/\])(ld|([^/\]+-)?ld|collect2)[^/\]*( |$)]
  ignore line: [Change Dir: /Users/vasko/tests/dlib/tools/python/build/CMakeFiles/CMakeTmp]
  ignore line: []
  ignore line: [Run Build Command:"/usr/bin/make" "cmTC_ef15a/fast"]
  ignore line: [/Applications/Xcode.app/Contents/Developer/usr/bin/make -f CMakeFiles/cmTC_ef15a.dir/build.make CMakeFiles/cmTC_ef15a.dir/build]
  ignore line: [Building C object CMakeFiles/cmTC_ef15a.dir/CMakeCCompilerABI.c.o]
  ignore line: [/Applications/Xcode.app/Contents/Developer/Toolchains/XcodeDefault.xctoolchain/usr/bin/cc     -o CMakeFiles/cmTC_ef15a.dir/CMakeCCompilerABI.c.o   -c /usr/local/Cellar/cmake/3.7.2/share/cmake/Modules/CMakeCCompilerABI.c]
  ignore line: [Linking C executable cmTC_ef15a]
  ignore line: [/usr/local/Cellar/cmake/3.7.2/bin/cmake -E cmake_link_script CMakeFiles/cmTC_ef15a.dir/link.txt --verbose=1]
  ignore line: [/Applications/Xcode.app/Contents/Developer/Toolchains/XcodeDefault.xctoolchain/usr/bin/cc    -Wl,-search_paths_first -Wl,-headerpad_max_install_names  -v -Wl,-v CMakeFiles/cmTC_ef15a.dir/CMakeCCompilerABI.c.o  -o cmTC_ef15a   ]
  ignore line: [Apple LLVM version 8.0.0 (clang-800.0.38)]
  ignore line: [Target: x86_64-apple-darwin16.5.0]
  ignore line: [Thread model: posix]
  ignore line: [InstalledDir: /Applications/Xcode.app/Contents/Developer/Toolchains/XcodeDefault.xctoolchain/usr/bin]
  link line: [ "/Applications/Xcode.app/Contents/Developer/Toolchains/XcodeDefault.xctoolchain/usr/bin/ld" -demangle -dynamic -arch x86_64 -macosx_version_min 10.12.0 -o cmTC_ef15a -search_paths_first -headerpad_max_install_names -v CMakeFiles/cmTC_ef15a.dir/CMakeCCompilerABI.c.o -lSystem /Applications/Xcode.app/Contents/Developer/Toolchains/XcodeDefault.xctoolchain/usr/bin/../lib/clang/8.0.0/lib/darwin/libclang_rt.osx.a]
    arg [/Applications/Xcode.app/Contents/Developer/Toolchains/XcodeDefault.xctoolchain/usr/bin/ld] ==> ignore
    arg [-demangle] ==> ignore
    arg [-dynamic] ==> ignore
    arg [-arch] ==> ignore
    arg [x86_64] ==> ignore
    arg [-macosx_version_min] ==> ignore
    arg [10.12.0] ==> ignore
    arg [-o] ==> ignore
    arg [cmTC_ef15a] ==> ignore
    arg [-search_paths_first] ==> ignore
    arg [-headerpad_max_install_names] ==> ignore
    arg [-v] ==> ignore
    arg [CMakeFiles/cmTC_ef15a.dir/CMakeCCompilerABI.c.o] ==> ignore
    arg [-lSystem] ==> lib [System]
    arg [/Applications/Xcode.app/Contents/Developer/Toolchains/XcodeDefault.xctoolchain/usr/bin/../lib/clang/8.0.0/lib/darwin/libclang_rt.osx.a] ==> lib [/Applications/Xcode.app/Contents/Developer/Toolchains/XcodeDefault.xctoolchain/usr/bin/../lib/clang/8.0.0/lib/darwin/libclang_rt.osx.a]
  Library search paths: [;/usr/lib;/usr/local/lib]
  Framework search paths: [;/Library/Frameworks/;/System/Library/Frameworks/]
  remove lib [System]
  remove lib [/Applications/Xcode.app/Contents/Developer/Toolchains/XcodeDefault.xctoolchain/usr/bin/../lib/clang/8.0.0/lib/darwin/libclang_rt.osx.a]
  collapse library dir [/usr/lib] ==> [/usr/lib]
  collapse library dir [/usr/local/lib] ==> [/usr/local/lib]
  collapse framework dir [/Library/Frameworks/] ==> [/Library/Frameworks]
  collapse framework dir [/System/Library/Frameworks/] ==> [/System/Library/Frameworks]
  implicit libs: []
  implicit dirs: [/usr/lib;/usr/local/lib]
  implicit fwks: [/Library/Frameworks;/System/Library/Frameworks]




Detecting C [-std=c11] compiler features compiled with the following output:
Change Dir: /Users/vasko/tests/dlib/tools/python/build/CMakeFiles/CMakeTmp

Run Build Command:"/usr/bin/make" "cmTC_7d4e9/fast"
/Applications/Xcode.app/Contents/Developer/usr/bin/make -f CMakeFiles/cmTC_7d4e9.dir/build.make CMakeFiles/cmTC_7d4e9.dir/build
Building C object CMakeFiles/cmTC_7d4e9.dir/feature_tests.c.o
/Applications/Xcode.app/Contents/Developer/Toolchains/XcodeDefault.xctoolchain/usr/bin/cc    -std=c11 -o CMakeFiles/cmTC_7d4e9.dir/feature_tests.c.o   -c /Users/vasko/tests/dlib/tools/python/build/CMakeFiles/feature_tests.c
Linking C executable cmTC_7d4e9
/usr/local/Cellar/cmake/3.7.2/bin/cmake -E cmake_link_script CMakeFiles/cmTC_7d4e9.dir/link.txt --verbose=1
/Applications/Xcode.app/Contents/Developer/Toolchains/XcodeDefault.xctoolchain/usr/bin/cc    -Wl,-search_paths_first -Wl,-headerpad_max_install_names   CMakeFiles/cmTC_7d4e9.dir/feature_tests.c.o  -o cmTC_7d4e9  


    Feature record: C_FEATURE:1c_function_prototypes
    Feature record: C_FEATURE:1c_restrict
    Feature record: C_FEATURE:1c_static_assert
    Feature record: C_FEATURE:1c_variadic_macros


Detecting C [-std=c99] compiler features compiled with the following output:
Change Dir: /Users/vasko/tests/dlib/tools/python/build/CMakeFiles/CMakeTmp

Run Build Command:"/usr/bin/make" "cmTC_a4828/fast"
/Applications/Xcode.app/Contents/Developer/usr/bin/make -f CMakeFiles/cmTC_a4828.dir/build.make CMakeFiles/cmTC_a4828.dir/build
Building C object CMakeFiles/cmTC_a4828.dir/feature_tests.c.o
/Applications/Xcode.app/Contents/Developer/Toolchains/XcodeDefault.xctoolchain/usr/bin/cc    -std=c99 -o CMakeFiles/cmTC_a4828.dir/feature_tests.c.o   -c /Users/vasko/tests/dlib/tools/python/build/CMakeFiles/feature_tests.c
Linking C executable cmTC_a4828
/usr/local/Cellar/cmake/3.7.2/bin/cmake -E cmake_link_script CMakeFiles/cmTC_a4828.dir/link.txt --verbose=1
/Applications/Xcode.app/Contents/Developer/Toolchains/XcodeDefault.xctoolchain/usr/bin/cc    -Wl,-search_paths_first -Wl,-headerpad_max_install_names   CMakeFiles/cmTC_a4828.dir/feature_tests.c.o  -o cmTC_a4828  


    Feature record: C_FEATURE:1c_function_prototypes
    Feature record: C_FEATURE:1c_restrict
    Feature record: C_FEATURE:0c_static_assert
    Feature record: C_FEATURE:1c_variadic_macros


Detecting C [-std=c90] compiler features compiled with the following output:
Change Dir: /Users/vasko/tests/dlib/tools/python/build/CMakeFiles/CMakeTmp

Run Build Command:"/usr/bin/make" "cmTC_3d83c/fast"
/Applications/Xcode.app/Contents/Developer/usr/bin/make -f CMakeFiles/cmTC_3d83c.dir/build.make CMakeFiles/cmTC_3d83c.dir/build
Building C object CMakeFiles/cmTC_3d83c.dir/feature_tests.c.o
/Applications/Xcode.app/Contents/Developer/Toolchains/XcodeDefault.xctoolchain/usr/bin/cc    -std=c90 -o CMakeFiles/cmTC_3d83c.dir/feature_tests.c.o   -c /Users/vasko/tests/dlib/tools/python/build/CMakeFiles/feature_tests.c
Linking C executable cmTC_3d83c
/usr/local/Cellar/cmake/3.7.2/bin/cmake -E cmake_link_script CMakeFiles/cmTC_3d83c.dir/link.txt --verbose=1
/Applications/Xcode.app/Contents/Developer/Toolchains/XcodeDefault.xctoolchain/usr/bin/cc    -Wl,-search_paths_first -Wl,-headerpad_max_install_names   CMakeFiles/cmTC_3d83c.dir/feature_tests.c.o  -o cmTC_3d83c  


    Feature record: C_FEATURE:1c_function_prototypes
    Feature record: C_FEATURE:0c_restrict
    Feature record: C_FEATURE:0c_static_assert
    Feature record: C_FEATURE:0c_variadic_macros
Determining if the CXX compiler works passed with the following output:
Change Dir: /Users/vasko/tests/dlib/tools/python/build/CMakeFiles/CMakeTmp

Run Build Command:"/usr/bin/make" "cmTC_12be4/fast"
/Applications/Xcode.app/Contents/Developer/usr/bin/make -f CMakeFiles/cmTC_12be4.dir/build.make CMakeFiles/cmTC_12be4.dir/build
Building CXX object CMakeFiles/cmTC_12be4.dir/testCXXCompiler.cxx.o
/Applications/Xcode.app/Contents/Developer/Toolchains/XcodeDefault.xctoolchain/usr/bin/c++      -o CMakeFiles/cmTC_12be4.dir/testCXXCompiler.cxx.o -c /Users/vasko/tests/dlib/tools/python/build/CMakeFiles/CMakeTmp/testCXXCompiler.cxx
Linking CXX executable cmTC_12be4
/usr/local/Cellar/cmake/3.7.2/bin/cmake -E cmake_link_script CMakeFiles/cmTC_12be4.dir/link.txt --verbose=1
/Applications/Xcode.app/Contents/Developer/Toolchains/XcodeDefault.xctoolchain/usr/bin/c++     -Wl,-search_paths_first -Wl,-headerpad_max_install_names   CMakeFiles/cmTC_12be4.dir/testCXXCompiler.cxx.o  -o cmTC_12be4  


Detecting CXX compiler ABI info compiled with the following output:
Change Dir: /Users/vasko/tests/dlib/tools/python/build/CMakeFiles/CMakeTmp

Run Build Command:"/usr/bin/make" "cmTC_4e402/fast"
/Applications/Xcode.app/Contents/Developer/usr/bin/make -f CMakeFiles/cmTC_4e402.dir/build.make CMakeFiles/cmTC_4e402.dir/build
Building CXX object CMakeFiles/cmTC_4e402.dir/CMakeCXXCompilerABI.cpp.o
/Applications/Xcode.app/Contents/Developer/Toolchains/XcodeDefault.xctoolchain/usr/bin/c++      -o CMakeFiles/cmTC_4e402.dir/CMakeCXXCompilerABI.cpp.o -c /usr/local/Cellar/cmake/3.7.2/share/cmake/Modules/CMakeCXXCompilerABI.cpp
Linking CXX executable cmTC_4e402
/usr/local/Cellar/cmake/3.7.2/bin/cmake -E cmake_link_script CMakeFiles/cmTC_4e402.dir/link.txt --verbose=1
/Applications/Xcode.app/Contents/Developer/Toolchains/XcodeDefault.xctoolchain/usr/bin/c++     -Wl,-search_paths_first -Wl,-headerpad_max_install_names  -v -Wl,-v CMakeFiles/cmTC_4e402.dir/CMakeCXXCompilerABI.cpp.o  -o cmTC_4e402   
Apple LLVM version 8.0.0 (clang-800.0.38)
Target: x86_64-apple-darwin16.5.0
Thread model: posix
InstalledDir: /Applications/Xcode.app/Contents/Developer/Toolchains/XcodeDefault.xctoolchain/usr/bin
 "/Applications/Xcode.app/Contents/Developer/Toolchains/XcodeDefault.xctoolchain/usr/bin/ld" -demangle -dynamic -arch x86_64 -macosx_version_min 10.12.0 -o cmTC_4e402 -search_paths_first -headerpad_max_install_names -v CMakeFiles/cmTC_4e402.dir/CMakeCXXCompilerABI.cpp.o -lc++ -lSystem /Applications/Xcode.app/Contents/Developer/Toolchains/XcodeDefault.xctoolchain/usr/bin/../lib/clang/8.0.0/lib/darwin/libclang_rt.osx.a
@(#)PROGRAM:ld  PROJECT:ld64-274.1
configured to support archs: armv6 armv7 armv7s arm64 i386 x86_64 x86_64h armv6m armv7k armv7m armv7em (tvOS)
Library search paths:
	/usr/lib
	/usr/local/lib
Framework search paths:
	/Library/Frameworks/
	/System/Library/Frameworks/


Parsed CXX implicit link information from above output:
  link line regex: [^( *|.*[/\])(ld|([^/\]+-)?ld|collect2)[^/\]*( |$)]
  ignore line: [Change Dir: /Users/vasko/tests/dlib/tools/python/build/CMakeFiles/CMakeTmp]
  ignore line: []
  ignore line: [Run Build Command:"/usr/bin/make" "cmTC_4e402/fast"]
  ignore line: [/Applications/Xcode.app/Contents/Developer/usr/bin/make -f CMakeFiles/cmTC_4e402.dir/build.make CMakeFiles/cmTC_4e402.dir/build]
  ignore line: [Building CXX object CMakeFiles/cmTC_4e402.dir/CMakeCXXCompilerABI.cpp.o]
  ignore line: [/Applications/Xcode.app/Contents/Developer/Toolchains/XcodeDefault.xctoolchain/usr/bin/c++      -o CMakeFiles/cmTC_4e402.dir/CMakeCXXCompilerABI.cpp.o -c /usr/local/Cellar/cmake/3.7.2/share/cmake/Modules/CMakeCXXCompilerABI.cpp]
  ignore line: [Linking CXX executable cmTC_4e402]
  ignore line: [/usr/local/Cellar/cmake/3.7.2/bin/cmake -E cmake_link_script CMakeFiles/cmTC_4e402.dir/link.txt --verbose=1]
  ignore line: [/Applications/Xcode.app/Contents/Developer/Toolchains/XcodeDefault.xctoolchain/usr/bin/c++     -Wl,-search_paths_first -Wl,-headerpad_max_install_names  -v -Wl,-v CMakeFiles/cmTC_4e402.dir/CMakeCXXCompilerABI.cpp.o  -o cmTC_4e402   ]
  ignore line: [Apple LLVM version 8.0.0 (clang-800.0.38)]
  ignore line: [Target: x86_64-apple-darwin16.5.0]
  ignore line: [Thread model: posix]
  ignore line: [InstalledDir: /Applications/Xcode.app/Contents/Developer/Toolchains/XcodeDefault.xctoolchain/usr/bin]
  link line: [ "/Applications/Xcode.app/Contents/Developer/Toolchains/XcodeDefault.xctoolchain/usr/bin/ld" -demangle -dynamic -arch x86_64 -macosx_version_min 10.12.0 -o cmTC_4e402 -search_paths_first -headerpad_max_install_names -v CMakeFiles/cmTC_4e402.dir/CMakeCXXCompilerABI.cpp.o -lc++ -lSystem /Applications/Xcode.app/Contents/Developer/Toolchains/XcodeDefault.xctoolchain/usr/bin/../lib/clang/8.0.0/lib/darwin/libclang_rt.osx.a]
    arg [/Applications/Xcode.app/Contents/Developer/Toolchains/XcodeDefault.xctoolchain/usr/bin/ld] ==> ignore
    arg [-demangle] ==> ignore
    arg [-dynamic] ==> ignore
    arg [-arch] ==> ignore
    arg [x86_64] ==> ignore
    arg [-macosx_version_min] ==> ignore
    arg [10.12.0] ==> ignore
    arg [-o] ==> ignore
    arg [cmTC_4e402] ==> ignore
    arg [-search_paths_first] ==> ignore
    arg [-headerpad_max_install_names] ==> ignore
    arg [-v] ==> ignore
    arg [CMakeFiles/cmTC_4e402.dir/CMakeCXXCompilerABI.cpp.o] ==> ignore
    arg [-lc++] ==> lib [c++]
    arg [-lSystem] ==> lib [System]
    arg [/Applications/Xcode.app/Contents/Developer/Toolchains/XcodeDefault.xctoolchain/usr/bin/../lib/clang/8.0.0/lib/darwin/libclang_rt.osx.a] ==> lib [/Applications/Xcode.app/Contents/Developer/Toolchains/XcodeDefault.xctoolchain/usr/bin/../lib/clang/8.0.0/lib/darwin/libclang_rt.osx.a]
  Library search paths: [;/usr/lib;/usr/local/lib]
  Framework search paths: [;/Library/Frameworks/;/System/Library/Frameworks/]
  remove lib [System]
  remove lib [/Applications/Xcode.app/Contents/Developer/Toolchains/XcodeDefault.xctoolchain/usr/bin/../lib/clang/8.0.0/lib/darwin/libclang_rt.osx.a]
  collapse library dir [/usr/lib] ==> [/usr/lib]
  collapse library dir [/usr/local/lib] ==> [/usr/local/lib]
  collapse framework dir [/Library/Frameworks/] ==> [/Library/Frameworks]
  collapse framework dir [/System/Library/Frameworks/] ==> [/System/Library/Frameworks]
  implicit libs: [c++]
  implicit dirs: [/usr/lib;/usr/local/lib]
  implicit fwks: [/Library/Frameworks;/System/Library/Frameworks]




Detecting CXX [-std=c++14] compiler features compiled with the following output:
Change Dir: /Users/vasko/tests/dlib/tools/python/build/CMakeFiles/CMakeTmp

Run Build Command:"/usr/bin/make" "cmTC_73f2c/fast"
/Applications/Xcode.app/Contents/Developer/usr/bin/make -f CMakeFiles/cmTC_73f2c.dir/build.make CMakeFiles/cmTC_73f2c.dir/build
Building CXX object CMakeFiles/cmTC_73f2c.dir/feature_tests.cxx.o
/Applications/Xcode.app/Contents/Developer/Toolchains/XcodeDefault.xctoolchain/usr/bin/c++     -std=c++14 -o CMakeFiles/cmTC_73f2c.dir/feature_tests.cxx.o -c /Users/vasko/tests/dlib/tools/python/build/CMakeFiles/feature_tests.cxx
Linking CXX executable cmTC_73f2c
/usr/local/Cellar/cmake/3.7.2/bin/cmake -E cmake_link_script CMakeFiles/cmTC_73f2c.dir/link.txt --verbose=1
/Applications/Xcode.app/Contents/Developer/Toolchains/XcodeDefault.xctoolchain/usr/bin/c++     -Wl,-search_paths_first -Wl,-headerpad_max_install_names   CMakeFiles/cmTC_73f2c.dir/feature_tests.cxx.o  -o cmTC_73f2c  


    Feature record: CXX_FEATURE:1cxx_aggregate_default_initializers
    Feature record: CXX_FEATURE:1cxx_alias_templates
    Feature record: CXX_FEATURE:1cxx_alignas
    Feature record: CXX_FEATURE:1cxx_alignof
    Feature record: CXX_FEATURE:1cxx_attributes
    Feature record: CXX_FEATURE:1cxx_attribute_deprecated
    Feature record: CXX_FEATURE:1cxx_auto_type
    Feature record: CXX_FEATURE:1cxx_binary_literals
    Feature record: CXX_FEATURE:1cxx_constexpr
    Feature record: CXX_FEATURE:1cxx_contextual_conversions
    Feature record: CXX_FEATURE:1cxx_decltype
    Feature record: CXX_FEATURE:1cxx_decltype_auto
    Feature record: CXX_FEATURE:1cxx_decltype_incomplete_return_types
    Feature record: CXX_FEATURE:1cxx_default_function_template_args
    Feature record: CXX_FEATURE:1cxx_defaulted_functions
    Feature record: CXX_FEATURE:1cxx_defaulted_move_initializers
    Feature record: CXX_FEATURE:1cxx_delegating_constructors
    Feature record: CXX_FEATURE:1cxx_deleted_functions
    Feature record: CXX_FEATURE:1cxx_digit_separators
    Feature record: CXX_FEATURE:1cxx_enum_forward_declarations
    Feature record: CXX_FEATURE:1cxx_explicit_conversions
    Feature record: CXX_FEATURE:1cxx_extended_friend_declarations
    Feature record: CXX_FEATURE:1cxx_extern_templates
    Feature record: CXX_FEATURE:1cxx_final
    Feature record: CXX_FEATURE:1cxx_func_identifier
    Feature record: CXX_FEATURE:1cxx_generalized_initializers
    Feature record: CXX_FEATURE:1cxx_generic_lambdas
    Feature record: CXX_FEATURE:1cxx_inheriting_constructors
    Feature record: CXX_FEATURE:1cxx_inline_namespaces
    Feature record: CXX_FEATURE:1cxx_lambdas
    Feature record: CXX_FEATURE:1cxx_lambda_init_captures
    Feature record: CXX_FEATURE:1cxx_local_type_template_args
    Feature record: CXX_FEATURE:1cxx_long_long_type
    Feature record: CXX_FEATURE:1cxx_noexcept
    Feature record: CXX_FEATURE:1cxx_nonstatic_member_init
    Feature record: CXX_FEATURE:1cxx_nullptr
    Feature record: CXX_FEATURE:1cxx_override
    Feature record: CXX_FEATURE:1cxx_range_for
    Feature record: CXX_FEATURE:1cxx_raw_string_literals
    Feature record: CXX_FEATURE:1cxx_reference_qualified_functions
    Feature record: CXX_FEATURE:1cxx_relaxed_constexpr
    Feature record: CXX_FEATURE:1cxx_return_type_deduction
    Feature record: CXX_FEATURE:1cxx_right_angle_brackets
    Feature record: CXX_FEATURE:1cxx_rvalue_references
    Feature record: CXX_FEATURE:1cxx_sizeof_member
    Feature record: CXX_FEATURE:1cxx_static_assert
    Feature record: CXX_FEATURE:1cxx_strong_enums
    Feature record: CXX_FEATURE:1cxx_template_template_parameters
    Feature record: CXX_FEATURE:1cxx_thread_local
    Feature record: CXX_FEATURE:1cxx_trailing_return_types
    Feature record: CXX_FEATURE:1cxx_unicode_literals
    Feature record: CXX_FEATURE:1cxx_uniform_initialization
    Feature record: CXX_FEATURE:1cxx_unrestricted_unions
    Feature record: CXX_FEATURE:1cxx_user_literals
    Feature record: CXX_FEATURE:1cxx_variable_templates
    Feature record: CXX_FEATURE:1cxx_variadic_macros
    Feature record: CXX_FEATURE:1cxx_variadic_templates


Detecting CXX [-std=c++11] compiler features compiled with the following output:
Change Dir: /Users/vasko/tests/dlib/tools/python/build/CMakeFiles/CMakeTmp

Run Build Command:"/usr/bin/make" "cmTC_3575c/fast"
/Applications/Xcode.app/Contents/Developer/usr/bin/make -f CMakeFiles/cmTC_3575c.dir/build.make CMakeFiles/cmTC_3575c.dir/build
Building CXX object CMakeFiles/cmTC_3575c.dir/feature_tests.cxx.o
/Applications/Xcode.app/Contents/Developer/Toolchains/XcodeDefault.xctoolchain/usr/bin/c++     -std=c++11 -o CMakeFiles/cmTC_3575c.dir/feature_tests.cxx.o -c /Users/vasko/tests/dlib/tools/python/build/CMakeFiles/feature_tests.cxx
Linking CXX executable cmTC_3575c
/usr/local/Cellar/cmake/3.7.2/bin/cmake -E cmake_link_script CMakeFiles/cmTC_3575c.dir/link.txt --verbose=1
/Applications/Xcode.app/Contents/Developer/Toolchains/XcodeDefault.xctoolchain/usr/bin/c++     -Wl,-search_paths_first -Wl,-headerpad_max_install_names   CMakeFiles/cmTC_3575c.dir/feature_tests.cxx.o  -o cmTC_3575c  


    Feature record: CXX_FEATURE:0cxx_aggregate_default_initializers
    Feature record: CXX_FEATURE:1cxx_alias_templates
    Feature record: CXX_FEATURE:1cxx_alignas
    Feature record: CXX_FEATURE:1cxx_alignof
    Feature record: CXX_FEATURE:1cxx_attributes
    Feature record: CXX_FEATURE:0cxx_attribute_deprecated
    Feature record: CXX_FEATURE:1cxx_auto_type
    Feature record: CXX_FEATURE:0cxx_binary_literals
    Feature record: CXX_FEATURE:1cxx_constexpr
    Feature record: CXX_FEATURE:0cxx_contextual_conversions
    Feature record: CXX_FEATURE:1cxx_decltype
    Feature record: CXX_FEATURE:0cxx_decltype_auto
    Feature record: CXX_FEATURE:1cxx_decltype_incomplete_return_types
    Feature record: CXX_FEATURE:1cxx_default_function_template_args
    Feature record: CXX_FEATURE:1cxx_defaulted_functions
    Feature record: CXX_FEATURE:1cxx_defaulted_move_initializers
    Feature record: CXX_FEATURE:1cxx_delegating_constructors
    Feature record: CXX_FEATURE:1cxx_deleted_functions
    Feature record: CXX_FEATURE:0cxx_digit_separators
    Feature record: CXX_FEATURE:1cxx_enum_forward_declarations
    Feature record: CXX_FEATURE:1cxx_explicit_conversions
    Feature record: CXX_FEATURE:1cxx_extended_friend_declarations
    Feature record: CXX_FEATURE:1cxx_extern_templates
    Feature record: CXX_FEATURE:1cxx_final
    Feature record: CXX_FEATURE:1cxx_func_identifier
    Feature record: CXX_FEATURE:1cxx_generalized_initializers
    Feature record: CXX_FEATURE:0cxx_generic_lambdas
    Feature record: CXX_FEATURE:1cxx_inheriting_constructors
    Feature record: CXX_FEATURE:1cxx_inline_namespaces
    Feature record: CXX_FEATURE:1cxx_lambdas
    Feature record: CXX_FEATURE:0cxx_lambda_init_captures
    Feature record: CXX_FEATURE:1cxx_local_type_template_args
    Feature record: CXX_FEATURE:1cxx_long_long_type
    Feature record: CXX_FEATURE:1cxx_noexcept
    Feature record: CXX_FEATURE:1cxx_nonstatic_member_init
    Feature record: CXX_FEATURE:1cxx_nullptr
    Feature record: CXX_FEATURE:1cxx_override
    Feature record: CXX_FEATURE:1cxx_range_for
    Feature record: CXX_FEATURE:1cxx_raw_string_literals
    Feature record: CXX_FEATURE:1cxx_reference_qualified_functions
    Feature record: CXX_FEATURE:0cxx_relaxed_constexpr
    Feature record: CXX_FEATURE:0cxx_return_type_deduction
    Feature record: CXX_FEATURE:1cxx_right_angle_brackets
    Feature record: CXX_FEATURE:1cxx_rvalue_references
    Feature record: CXX_FEATURE:1cxx_sizeof_member
    Feature record: CXX_FEATURE:1cxx_static_assert
    Feature record: CXX_FEATURE:1cxx_strong_enums
    Feature record: CXX_FEATURE:1cxx_template_template_parameters
    Feature record: CXX_FEATURE:1cxx_thread_local
    Feature record: CXX_FEATURE:1cxx_trailing_return_types
    Feature record: CXX_FEATURE:1cxx_unicode_literals
    Feature record: CXX_FEATURE:1cxx_uniform_initialization
    Feature record: CXX_FEATURE:1cxx_unrestricted_unions
    Feature record: CXX_FEATURE:1cxx_user_literals
    Feature record: CXX_FEATURE:0cxx_variable_templates
    Feature record: CXX_FEATURE:1cxx_variadic_macros
    Feature record: CXX_FEATURE:1cxx_variadic_templates


Detecting CXX [-std=c++98] compiler features compiled with the following output:
Change Dir: /Users/vasko/tests/dlib/tools/python/build/CMakeFiles/CMakeTmp

Run Build Command:"/usr/bin/make" "cmTC_9b542/fast"
/Applications/Xcode.app/Contents/Developer/usr/bin/make -f CMakeFiles/cmTC_9b542.dir/build.make CMakeFiles/cmTC_9b542.dir/build
Building CXX object CMakeFiles/cmTC_9b542.dir/feature_tests.cxx.o
/Applications/Xcode.app/Contents/Developer/Toolchains/XcodeDefault.xctoolchain/usr/bin/c++     -std=c++98 -o CMakeFiles/cmTC_9b542.dir/feature_tests.cxx.o -c /Users/vasko/tests/dlib/tools/python/build/CMakeFiles/feature_tests.cxx
Linking CXX executable cmTC_9b542
/usr/local/Cellar/cmake/3.7.2/bin/cmake -E cmake_link_script CMakeFiles/cmTC_9b542.dir/link.txt --verbose=1
/Applications/Xcode.app/Contents/Developer/Toolchains/XcodeDefault.xctoolchain/usr/bin/c++     -Wl,-search_paths_first -Wl,-headerpad_max_install_names   CMakeFiles/cmTC_9b542.dir/feature_tests.cxx.o  -o cmTC_9b542  


    Feature record: CXX_FEATURE:0cxx_aggregate_default_initializers
    Feature record: CXX_FEATURE:0cxx_alias_templates
    Feature record: CXX_FEATURE:0cxx_alignas
    Feature record: CXX_FEATURE:0cxx_alignof
    Feature record: CXX_FEATURE:0cxx_attributes
    Feature record: CXX_FEATURE:0cxx_attribute_deprecated
    Feature record: CXX_FEATURE:0cxx_auto_type
    Feature record: CXX_FEATURE:0cxx_binary_literals
    Feature record: CXX_FEATURE:0cxx_constexpr
    Feature record: CXX_FEATURE:0cxx_contextual_conversions
    Feature record: CXX_FEATURE:0cxx_decltype
    Feature record: CXX_FEATURE:0cxx_decltype_auto
    Feature record: CXX_FEATURE:0cxx_decltype_incomplete_return_types
    Feature record: CXX_FEATURE:0cxx_default_function_template_args
    Feature record: CXX_FEATURE:0cxx_defaulted_functions
    Feature record: CXX_FEATURE:0cxx_defaulted_move_initializers
    Feature record: CXX_FEATURE:0cxx_delegating_constructors
    Feature record: CXX_FEATURE:0cxx_deleted_functions
    Feature record: CXX_FEATURE:0cxx_digit_separators
    Feature record: CXX_FEATURE:0cxx_enum_forward_declarations
    Feature record: CXX_FEATURE:0cxx_explicit_conversions
    Feature record: CXX_FEATURE:0cxx_extended_friend_declarations
    Feature record: CXX_FEATURE:0cxx_extern_templates
    Feature record: CXX_FEATURE:0cxx_final
    Feature record: CXX_FEATURE:0cxx_func_identifier
    Feature record: CXX_FEATURE:0cxx_generalized_initializers
    Feature record: CXX_FEATURE:0cxx_generic_lambdas
    Feature record: CXX_FEATURE:0cxx_inheriting_constructors
    Feature record: CXX_FEATURE:0cxx_inline_namespaces
    Feature record: CXX_FEATURE:0cxx_lambdas
    Feature record: CXX_FEATURE:0cxx_lambda_init_captures
    Feature record: CXX_FEATURE:0cxx_local_type_template_args
    Feature record: CXX_FEATURE:0cxx_long_long_type
    Feature record: CXX_FEATURE:0cxx_noexcept
    Feature record: CXX_FEATURE:0cxx_nonstatic_member_init
    Feature record: CXX_FEATURE:0cxx_nullptr
    Feature record: CXX_FEATURE:0cxx_override
    Feature record: CXX_FEATURE:0cxx_range_for
    Feature record: CXX_FEATURE:0cxx_raw_string_literals
    Feature record: CXX_FEATURE:0cxx_reference_qualified_functions
    Feature record: CXX_FEATURE:0cxx_relaxed_constexpr
    Feature record: CXX_FEATURE:0cxx_return_type_deduction
    Feature record: CXX_FEATURE:0cxx_right_angle_brackets
    Feature record: CXX_FEATURE:0cxx_rvalue_references
    Feature record: CXX_FEATURE:0cxx_sizeof_member
    Feature record: CXX_FEATURE:0cxx_static_assert
    Feature record: CXX_FEATURE:0cxx_strong_enums
    Feature record: CXX_FEATURE:1cxx_template_template_parameters
    Feature record: CXX_FEATURE:0cxx_thread_local
    Feature record: CXX_FEATURE:0cxx_trailing_return_types
    Feature record: CXX_FEATURE:0cxx_unicode_literals
    Feature record: CXX_FEATURE:0cxx_uniform_initialization
    Feature record: CXX_FEATURE:0cxx_unrestricted_unions
    Feature record: CXX_FEATURE:0cxx_user_literals
    Feature record: CXX_FEATURE:0cxx_variable_templates
    Feature record: CXX_FEATURE:0cxx_variadic_macros
    Feature record: CXX_FEATURE:0cxx_variadic_templates
Determining if the include file pthread.h exists passed with the following output:
Change Dir: /Users/vasko/tests/dlib/tools/python/build/CMakeFiles/CMakeTmp

Run Build Command:"/usr/bin/make" "cmTC_bc151/fast"
/Applications/Xcode.app/Contents/Developer/usr/bin/make -f CMakeFiles/cmTC_bc151.dir/build.make CMakeFiles/cmTC_bc151.dir/build
Building C object CMakeFiles/cmTC_bc151.dir/CheckIncludeFile.c.o
/Applications/Xcode.app/Contents/Developer/Toolchains/XcodeDefault.xctoolchain/usr/bin/cc    -fPIE   -o CMakeFiles/cmTC_bc151.dir/CheckIncludeFile.c.o   -c /Users/vasko/tests/dlib/tools/python/build/CMakeFiles/CMakeTmp/CheckIncludeFile.c
Linking C executable cmTC_bc151
/usr/local/Cellar/cmake/3.7.2/bin/cmake -E cmake_link_script CMakeFiles/cmTC_bc151.dir/link.txt --verbose=1
/Applications/Xcode.app/Contents/Developer/Toolchains/XcodeDefault.xctoolchain/usr/bin/cc    -Wl,-search_paths_first -Wl,-headerpad_max_install_names   CMakeFiles/cmTC_bc151.dir/CheckIncludeFile.c.o  -o cmTC_bc151  


Determining if the pthread_create exist passed with the following output:
Change Dir: /Users/vasko/tests/dlib/tools/python/build/CMakeFiles/CMakeTmp

Run Build Command:"/usr/bin/make" "cmTC_df1f1/fast"
/Applications/Xcode.app/Contents/Developer/usr/bin/make -f CMakeFiles/cmTC_df1f1.dir/build.make CMakeFiles/cmTC_df1f1.dir/build
Building C object CMakeFiles/cmTC_df1f1.dir/CheckSymbolExists.c.o
/Applications/Xcode.app/Contents/Developer/Toolchains/XcodeDefault.xctoolchain/usr/bin/cc    -fPIE   -o CMakeFiles/cmTC_df1f1.dir/CheckSymbolExists.c.o   -c /Users/vasko/tests/dlib/tools/python/build/CMakeFiles/CMakeTmp/CheckSymbolExists.c
Linking C executable cmTC_df1f1
/usr/local/Cellar/cmake/3.7.2/bin/cmake -E cmake_link_script CMakeFiles/cmTC_df1f1.dir/link.txt --verbose=1
/Applications/Xcode.app/Contents/Developer/Toolchains/XcodeDefault.xctoolchain/usr/bin/cc    -Wl,-search_paths_first -Wl,-headerpad_max_install_names   CMakeFiles/cmTC_df1f1.dir/CheckSymbolExists.c.o  -o cmTC_df1f1  

File /Users/vasko/tests/dlib/tools/python/build/CMakeFiles/CMakeTmp/CheckSymbolExists.c:
/* */
#include <pthread.h>

int main(int argc, char** argv)
{
  (void)argv;
#ifndef pthread_create
  return ((int*)(&pthread_create))[argc];
#else
  (void)argc;
  return 0;
#endif
}

Determining if the function XOpenDisplay exists in the /opt/local/lib/libX11.dylib;/opt/local/lib/libXext.dylib passed with the following output:
Change Dir: /Users/vasko/tests/dlib/tools/python/build/CMakeFiles/CMakeTmp

Run Build Command:"/usr/bin/make" "cmTC_1cb4a/fast"
/Applications/Xcode.app/Contents/Developer/usr/bin/make -f CMakeFiles/cmTC_1cb4a.dir/build.make CMakeFiles/cmTC_1cb4a.dir/build
Building C object CMakeFiles/cmTC_1cb4a.dir/CheckFunctionExists.c.o
/Applications/Xcode.app/Contents/Developer/Toolchains/XcodeDefault.xctoolchain/usr/bin/cc    -DCHECK_FUNCTION_EXISTS=XOpenDisplay -fPIE   -o CMakeFiles/cmTC_1cb4a.dir/CheckFunctionExists.c.o   -c /usr/local/Cellar/cmake/3.7.2/share/cmake/Modules/CheckFunctionExists.c
Linking C executable cmTC_1cb4a
/usr/local/Cellar/cmake/3.7.2/bin/cmake -E cmake_link_script CMakeFiles/cmTC_1cb4a.dir/link.txt --verbose=1
/Applications/Xcode.app/Contents/Developer/Toolchains/XcodeDefault.xctoolchain/usr/bin/cc   -DCHECK_FUNCTION_EXISTS=XOpenDisplay -Wl,-search_paths_first -Wl,-headerpad_max_install_names   CMakeFiles/cmTC_1cb4a.dir/CheckFunctionExists.c.o  -o cmTC_1cb4a  -L/opt/local/lib -Wl,-rpath,/opt/local/lib  /opt/local/lib/libX11.dylib /opt/local/lib/libXext.dylib 


Determining if the function gethostbyname exists passed with the following output:
Change Dir: /Users/vasko/tests/dlib/tools/python/build/CMakeFiles/CMakeTmp

Run Build Command:"/usr/bin/make" "cmTC_d1a2a/fast"
/Applications/Xcode.app/Contents/Developer/usr/bin/make -f CMakeFiles/cmTC_d1a2a.dir/build.make CMakeFiles/cmTC_d1a2a.dir/build
Building C object CMakeFiles/cmTC_d1a2a.dir/CheckFunctionExists.c.o
/Applications/Xcode.app/Contents/Developer/Toolchains/XcodeDefault.xctoolchain/usr/bin/cc    -DCHECK_FUNCTION_EXISTS=gethostbyname -fPIE   -o CMakeFiles/cmTC_d1a2a.dir/CheckFunctionExists.c.o   -c /usr/local/Cellar/cmake/3.7.2/share/cmake/Modules/CheckFunctionExists.c
Linking C executable cmTC_d1a2a
/usr/local/Cellar/cmake/3.7.2/bin/cmake -E cmake_link_script CMakeFiles/cmTC_d1a2a.dir/link.txt --verbose=1
/Applications/Xcode.app/Contents/Developer/Toolchains/XcodeDefault.xctoolchain/usr/bin/cc   -DCHECK_FUNCTION_EXISTS=gethostbyname -Wl,-search_paths_first -Wl,-headerpad_max_install_names   CMakeFiles/cmTC_d1a2a.dir/CheckFunctionExists.c.o  -o cmTC_d1a2a  


Determining if the function connect exists passed with the following output:
Change Dir: /Users/vasko/tests/dlib/tools/python/build/CMakeFiles/CMakeTmp

Run Build Command:"/usr/bin/make" "cmTC_e35f1/fast"
/Applications/Xcode.app/Contents/Developer/usr/bin/make -f CMakeFiles/cmTC_e35f1.dir/build.make CMakeFiles/cmTC_e35f1.dir/build
Building C object CMakeFiles/cmTC_e35f1.dir/CheckFunctionExists.c.o
/Applications/Xcode.app/Contents/Developer/Toolchains/XcodeDefault.xctoolchain/usr/bin/cc    -DCHECK_FUNCTION_EXISTS=connect -fPIE   -o CMakeFiles/cmTC_e35f1.dir/CheckFunctionExists.c.o   -c /usr/local/Cellar/cmake/3.7.2/share/cmake/Modules/CheckFunctionExists.c
Linking C executable cmTC_e35f1
/usr/local/Cellar/cmake/3.7.2/bin/cmake -E cmake_link_script CMakeFiles/cmTC_e35f1.dir/link.txt --verbose=1
/Applications/Xcode.app/Contents/Developer/Toolchains/XcodeDefault.xctoolchain/usr/bin/cc   -DCHECK_FUNCTION_EXISTS=connect -Wl,-search_paths_first -Wl,-headerpad_max_install_names   CMakeFiles/cmTC_e35f1.dir/CheckFunctionExists.c.o  -o cmTC_e35f1  


Determining if the function remove exists passed with the following output:
Change Dir: /Users/vasko/tests/dlib/tools/python/build/CMakeFiles/CMakeTmp

Run Build Command:"/usr/bin/make" "cmTC_0395f/fast"
/Applications/Xcode.app/Contents/Developer/usr/bin/make -f CMakeFiles/cmTC_0395f.dir/build.make CMakeFiles/cmTC_0395f.dir/build
Building C object CMakeFiles/cmTC_0395f.dir/CheckFunctionExists.c.o
/Applications/Xcode.app/Contents/Developer/Toolchains/XcodeDefault.xctoolchain/usr/bin/cc    -DCHECK_FUNCTION_EXISTS=remove -fPIE   -o CMakeFiles/cmTC_0395f.dir/CheckFunctionExists.c.o   -c /usr/local/Cellar/cmake/3.7.2/share/cmake/Modules/CheckFunctionExists.c
Linking C executable cmTC_0395f
/usr/local/Cellar/cmake/3.7.2/bin/cmake -E cmake_link_script CMakeFiles/cmTC_0395f.dir/link.txt --verbose=1
/Applications/Xcode.app/Contents/Developer/Toolchains/XcodeDefault.xctoolchain/usr/bin/cc   -DCHECK_FUNCTION_EXISTS=remove -Wl,-search_paths_first -Wl,-headerpad_max_install_names   CMakeFiles/cmTC_0395f.dir/CheckFunctionExists.c.o  -o cmTC_0395f  


Determining if the function shmat exists passed with the following output:
Change Dir: /Users/vasko/tests/dlib/tools/python/build/CMakeFiles/CMakeTmp

Run Build Command:"/usr/bin/make" "cmTC_cdc3a/fast"
/Applications/Xcode.app/Contents/Developer/usr/bin/make -f CMakeFiles/cmTC_cdc3a.dir/build.make CMakeFiles/cmTC_cdc3a.dir/build
Building C object CMakeFiles/cmTC_cdc3a.dir/CheckFunctionExists.c.o
/Applications/Xcode.app/Contents/Developer/Toolchains/XcodeDefault.xctoolchain/usr/bin/cc    -DCHECK_FUNCTION_EXISTS=shmat -fPIE   -o CMakeFiles/cmTC_cdc3a.dir/CheckFunctionExists.c.o   -c /usr/local/Cellar/cmake/3.7.2/share/cmake/Modules/CheckFunctionExists.c
Linking C executable cmTC_cdc3a
/usr/local/Cellar/cmake/3.7.2/bin/cmake -E cmake_link_script CMakeFiles/cmTC_cdc3a.dir/link.txt --verbose=1
/Applications/Xcode.app/Contents/Developer/Toolchains/XcodeDefault.xctoolchain/usr/bin/cc   -DCHECK_FUNCTION_EXISTS=shmat -Wl,-search_paths_first -Wl,-headerpad_max_install_names   CMakeFiles/cmTC_cdc3a.dir/CheckFunctionExists.c.o  -o cmTC_cdc3a  


Determining if the function IceConnectionNumber exists in the ICE passed with the following output:
Change Dir: /Users/vasko/tests/dlib/tools/python/build/CMakeFiles/CMakeTmp

Run Build Command:"/usr/bin/make" "cmTC_61317/fast"
/Applications/Xcode.app/Contents/Developer/usr/bin/make -f CMakeFiles/cmTC_61317.dir/build.make CMakeFiles/cmTC_61317.dir/build
Building C object CMakeFiles/cmTC_61317.dir/CheckFunctionExists.c.o
/Applications/Xcode.app/Contents/Developer/Toolchains/XcodeDefault.xctoolchain/usr/bin/cc    -DCHECK_FUNCTION_EXISTS=IceConnectionNumber -fPIE   -o CMakeFiles/cmTC_61317.dir/CheckFunctionExists.c.o   -c /usr/local/Cellar/cmake/3.7.2/share/cmake/Modules/CheckFunctionExists.c
Linking C executable cmTC_61317
/usr/local/Cellar/cmake/3.7.2/bin/cmake -E cmake_link_script CMakeFiles/cmTC_61317.dir/link.txt --verbose=1
/Applications/Xcode.app/Contents/Developer/Toolchains/XcodeDefault.xctoolchain/usr/bin/cc   -DCHECK_FUNCTION_EXISTS=IceConnectionNumber -Wl,-search_paths_first -Wl,-headerpad_max_install_names   CMakeFiles/cmTC_61317.dir/CheckFunctionExists.c.o  -o cmTC_61317  -L/opt/local/lib -Wl,-rpath,/opt/local/lib  -lICE 


Performing C SOURCE FILE Test GIF_GifFileType_UserData succeeded with the following output:
Change Dir: /Users/vasko/tests/dlib/tools/python/build/CMakeFiles/CMakeTmp

Run Build Command:"/usr/bin/make" "cmTC_77f81/fast"
/Applications/Xcode.app/Contents/Developer/usr/bin/make -f CMakeFiles/cmTC_77f81.dir/build.make CMakeFiles/cmTC_77f81.dir/build
Building C object CMakeFiles/cmTC_77f81.dir/src.c.o
/Applications/Xcode.app/Contents/Developer/Toolchains/XcodeDefault.xctoolchain/usr/bin/cc   -I/Library/Frameworks/Mono.framework/Headers  -DGIF_GifFileType_UserData -fPIE   -o CMakeFiles/cmTC_77f81.dir/src.c.o   -c /Users/vasko/tests/dlib/tools/python/build/CMakeFiles/CMakeTmp/src.c
Linking C executable cmTC_77f81
/usr/local/Cellar/cmake/3.7.2/bin/cmake -E cmake_link_script CMakeFiles/cmTC_77f81.dir/link.txt --verbose=1
/Applications/Xcode.app/Contents/Developer/Toolchains/XcodeDefault.xctoolchain/usr/bin/cc   -DGIF_GifFileType_UserData -Wl,-search_paths_first -Wl,-headerpad_max_install_names   CMakeFiles/cmTC_77f81.dir/src.c.o  -o cmTC_77f81  

Source file was:

#include <gif_lib.h>

int main()
{
   (void)sizeof(((GifFileType *)0)->UserData);
   return 0;
}

Determining if the function png_create_read_struct exists passed with the following output:
Change Dir: /Users/vasko/tests/dlib/tools/python/build/CMakeFiles/CMakeTmp

Run Build Command:"/usr/bin/make" "cmTC_bdadc/fast"
/Applications/Xcode.app/Contents/Developer/usr/bin/make -f CMakeFiles/cmTC_bdadc.dir/build.make CMakeFiles/cmTC_bdadc.dir/build
Building C object CMakeFiles/cmTC_bdadc.dir/CheckFunctionExists.c.o
/Applications/Xcode.app/Contents/Developer/Toolchains/XcodeDefault.xctoolchain/usr/bin/cc    -DCHECK_FUNCTION_EXISTS=png_create_read_struct -fPIE   -o CMakeFiles/cmTC_bdadc.dir/CheckFunctionExists.c.o   -c /usr/local/Cellar/cmake/3.7.2/share/cmake/Modules/CheckFunctionExists.c
Linking C executable cmTC_bdadc
/usr/local/Cellar/cmake/3.7.2/bin/cmake -E cmake_link_script CMakeFiles/cmTC_bdadc.dir/link.txt --verbose=1
/Applications/Xcode.app/Contents/Developer/Toolchains/XcodeDefault.xctoolchain/usr/bin/cc   -DCHECK_FUNCTION_EXISTS=png_create_read_struct -Wl,-search_paths_first -Wl,-headerpad_max_install_names   CMakeFiles/cmTC_bdadc.dir/CheckFunctionExists.c.o  -o cmTC_bdadc  /usr/local/lib/libpng.dylib 


Determining if the function jpeg_read_header exists passed with the following output:
Change Dir: /Users/vasko/tests/dlib/tools/python/build/CMakeFiles/CMakeTmp

Run Build Command:"/usr/bin/make" "cmTC_94d3c/fast"
/Applications/Xcode.app/Contents/Developer/usr/bin/make -f CMakeFiles/cmTC_94d3c.dir/build.make CMakeFiles/cmTC_94d3c.dir/build
Building C object CMakeFiles/cmTC_94d3c.dir/CheckFunctionExists.c.o
/Applications/Xcode.app/Contents/Developer/Toolchains/XcodeDefault.xctoolchain/usr/bin/cc    -DCHECK_FUNCTION_EXISTS=jpeg_read_header -fPIE   -o CMakeFiles/cmTC_94d3c.dir/CheckFunctionExists.c.o   -c /usr/local/Cellar/cmake/3.7.2/share/cmake/Modules/CheckFunctionExists.c
Linking C executable cmTC_94d3c
/usr/local/Cellar/cmake/3.7.2/bin/cmake -E cmake_link_script CMakeFiles/cmTC_94d3c.dir/link.txt --verbose=1
/Applications/Xcode.app/Contents/Developer/Toolchains/XcodeDefault.xctoolchain/usr/bin/cc   -DCHECK_FUNCTION_EXISTS=jpeg_read_header -Wl,-search_paths_first -Wl,-headerpad_max_install_names   CMakeFiles/cmTC_94d3c.dir/CheckFunctionExists.c.o  -o cmTC_94d3c  /usr/local/lib/libjpeg.dylib 


Determining if the include file sys/types.h exists passed with the following output:
Change Dir: /Users/vasko/tests/dlib/tools/python/build/CMakeFiles/CMakeTmp

Run Build Command:"/usr/bin/make" "cmTC_131d9/fast"
/Applications/Xcode.app/Contents/Developer/usr/bin/make -f CMakeFiles/cmTC_131d9.dir/build.make CMakeFiles/cmTC_131d9.dir/build
Building C object CMakeFiles/cmTC_131d9.dir/CheckIncludeFile.c.o
/Applications/Xcode.app/Contents/Developer/Toolchains/XcodeDefault.xctoolchain/usr/bin/cc    -fPIE   -o CMakeFiles/cmTC_131d9.dir/CheckIncludeFile.c.o   -c /Users/vasko/tests/dlib/tools/python/build/CMakeFiles/CMakeTmp/CheckIncludeFile.c
Linking C executable cmTC_131d9
/usr/local/Cellar/cmake/3.7.2/bin/cmake -E cmake_link_script CMakeFiles/cmTC_131d9.dir/link.txt --verbose=1
/Applications/Xcode.app/Contents/Developer/Toolchains/XcodeDefault.xctoolchain/usr/bin/cc    -Wl,-search_paths_first -Wl,-headerpad_max_install_names   CMakeFiles/cmTC_131d9.dir/CheckIncludeFile.c.o  -o cmTC_131d9  


Determining if the include file stdint.h exists passed with the following output:
Change Dir: /Users/vasko/tests/dlib/tools/python/build/CMakeFiles/CMakeTmp

Run Build Command:"/usr/bin/make" "cmTC_cd948/fast"
/Applications/Xcode.app/Contents/Developer/usr/bin/make -f CMakeFiles/cmTC_cd948.dir/build.make CMakeFiles/cmTC_cd948.dir/build
Building C object CMakeFiles/cmTC_cd948.dir/CheckIncludeFile.c.o
/Applications/Xcode.app/Contents/Developer/Toolchains/XcodeDefault.xctoolchain/usr/bin/cc    -fPIE   -o CMakeFiles/cmTC_cd948.dir/CheckIncludeFile.c.o   -c /Users/vasko/tests/dlib/tools/python/build/CMakeFiles/CMakeTmp/CheckIncludeFile.c
Linking C executable cmTC_cd948
/usr/local/Cellar/cmake/3.7.2/bin/cmake -E cmake_link_script CMakeFiles/cmTC_cd948.dir/link.txt --verbose=1
/Applications/Xcode.app/Contents/Developer/Toolchains/XcodeDefault.xctoolchain/usr/bin/cc    -Wl,-search_paths_first -Wl,-headerpad_max_install_names   CMakeFiles/cmTC_cd948.dir/CheckIncludeFile.c.o  -o cmTC_cd948  


Determining if the include file stddef.h exists passed with the following output:
Change Dir: /Users/vasko/tests/dlib/tools/python/build/CMakeFiles/CMakeTmp

Run Build Command:"/usr/bin/make" "cmTC_44810/fast"
/Applications/Xcode.app/Contents/Developer/usr/bin/make -f CMakeFiles/cmTC_44810.dir/build.make CMakeFiles/cmTC_44810.dir/build
Building C object CMakeFiles/cmTC_44810.dir/CheckIncludeFile.c.o
/Applications/Xcode.app/Contents/Developer/Toolchains/XcodeDefault.xctoolchain/usr/bin/cc    -fPIE   -o CMakeFiles/cmTC_44810.dir/CheckIncludeFile.c.o   -c /Users/vasko/tests/dlib/tools/python/build/CMakeFiles/CMakeTmp/CheckIncludeFile.c
Linking C executable cmTC_44810
/usr/local/Cellar/cmake/3.7.2/bin/cmake -E cmake_link_script CMakeFiles/cmTC_44810.dir/link.txt --verbose=1
/Applications/Xcode.app/Contents/Developer/Toolchains/XcodeDefault.xctoolchain/usr/bin/cc    -Wl,-search_paths_first -Wl,-headerpad_max_install_names   CMakeFiles/cmTC_44810.dir/CheckIncludeFile.c.o  -o cmTC_44810  


Determining size of void* passed with the following output:
Change Dir: /Users/vasko/tests/dlib/tools/python/build/CMakeFiles/CMakeTmp

Run Build Command:"/usr/bin/make" "cmTC_3cd4b/fast"
/Applications/Xcode.app/Contents/Developer/usr/bin/make -f CMakeFiles/cmTC_3cd4b.dir/build.make CMakeFiles/cmTC_3cd4b.dir/build
Building C object CMakeFiles/cmTC_3cd4b.dir/SIZE_OF_VOID_PTR.c.o
/Applications/Xcode.app/Contents/Developer/Toolchains/XcodeDefault.xctoolchain/usr/bin/cc    -fPIE   -o CMakeFiles/cmTC_3cd4b.dir/SIZE_OF_VOID_PTR.c.o   -c /Users/vasko/tests/dlib/tools/python/build/CMakeFiles/CheckTypeSize/SIZE_OF_VOID_PTR.c
Linking C executable cmTC_3cd4b
/usr/local/Cellar/cmake/3.7.2/bin/cmake -E cmake_link_script CMakeFiles/cmTC_3cd4b.dir/link.txt --verbose=1
/Applications/Xcode.app/Contents/Developer/Toolchains/XcodeDefault.xctoolchain/usr/bin/cc    -Wl,-search_paths_first -Wl,-headerpad_max_install_names   CMakeFiles/cmTC_3cd4b.dir/SIZE_OF_VOID_PTR.c.o  -o cmTC_3cd4b  /usr/local/lib/libjpeg.dylib 


Determining if the function cblas_ddot exists passed with the following output:
Change Dir: /Users/vasko/tests/dlib/tools/python/build/CMakeFiles/CMakeTmp

Run Build Command:"/usr/bin/make" "cmTC_5dcc3/fast"
/Applications/Xcode.app/Contents/Developer/usr/bin/make -f CMakeFiles/cmTC_5dcc3.dir/build.make CMakeFiles/cmTC_5dcc3.dir/build
Building C object CMakeFiles/cmTC_5dcc3.dir/CheckFunctionExists.c.o
/Applications/Xcode.app/Contents/Developer/Toolchains/XcodeDefault.xctoolchain/usr/bin/cc    -DCHECK_FUNCTION_EXISTS=cblas_ddot -fPIE   -o CMakeFiles/cmTC_5dcc3.dir/CheckFunctionExists.c.o   -c /usr/local/Cellar/cmake/3.7.2/share/cmake/Modules/CheckFunctionExists.c
Linking C executable cmTC_5dcc3
/usr/local/Cellar/cmake/3.7.2/bin/cmake -E cmake_link_script CMakeFiles/cmTC_5dcc3.dir/link.txt --verbose=1
/Applications/Xcode.app/Contents/Developer/Toolchains/XcodeDefault.xctoolchain/usr/bin/cc   -DCHECK_FUNCTION_EXISTS=cblas_ddot -Wl,-search_paths_first -Wl,-headerpad_max_install_names   CMakeFiles/cmTC_5dcc3.dir/CheckFunctionExists.c.o  -o cmTC_5dcc3  /usr/lib/libcblas.dylib 


